Correcci√≥n de la entrega:

..E..E
======================================================================
ERROR: test_comprar_paquete (tests.test_semana_03.TestAlbumFiguritas)
----------------------------------------------------------------------
Traceback (most recent call last):
  File "/home/mlopez/.local/lib/python3.10/site-packages/timeout_decorator/timeout_decorator.py", line 82, in new_function
    return function(*args, **kwargs)
  File "/home/mlopez/git/homework-checker/01_getting_data/tests/test_semana_03.py", line 50, in test_comprar_paquete
    paquete = semana_03.comprar_paquete(860, 5)
AttributeError: module 'semana_03' has no attribute 'comprar_paquete'

======================================================================
ERROR: test_cuantos_paquetes (tests.test_semana_03.TestAlbumFiguritas)
----------------------------------------------------------------------
Traceback (most recent call last):
  File "/home/mlopez/.local/lib/python3.10/site-packages/timeout_decorator/timeout_decorator.py", line 82, in new_function
    return function(*args, **kwargs)
  File "/home/mlopez/git/homework-checker/01_getting_data/tests/test_semana_03.py", line 57, in test_cuantos_paquetes
    paquetes = semana_03.cuantos_paquetes(860, 5)
AttributeError: module 'semana_03' has no attribute 'cuantos_paquetes'

----------------------------------------------------------------------
Ran 6 tests in 0.002s

FAILED (errors=2)

